<?xml version="1.0" encoding="UTF-8"?>
<!-- Generated by org.testng.reporters.JUnitReportReporter -->
<testsuite hostname="INBOOK_X2_SLIM" failures="0" tests="1" name="com.parameters.parameterTest" time="7.320" errors="0" timestamp="2024-03-04T19:24:38 IST" skipped="0">
  <testcase classname="com.parameters.parameterTest" name="yahooLoginTest" time="7.320"/>
</testsuite> <!-- com.parameters.parameterTest -->
