<?xml version="1.0" encoding="UTF-8"?>
<!-- Generated by org.testng.reporters.JUnitReportReporter -->
<testsuite hostname="INBOOK_X2_SLIM" failures="0" tests="1" name="entratatesting.TestNG" time="2.834" errors="0" timestamp="2024-03-01T00:46:25 IST" skipped="0">
  <testcase classname="entratatesting.TestNG" name="test" time="2.834"/>
</testsuite> <!-- entratatesting.TestNG -->
